[90m[main 2025-05-24T18:27:34.156Z][0m updateURL https://api2.cursor.sh/updates/api/update/linux-x64/cursor/0.50.5/732d35b227762e80f8dc9d8b08f7d7bbd661b8e286ff72006212a84b63a89096/stable
[90m[main 2025-05-24T18:27:34.157Z][0m update#setState idle
[90m[main 2025-05-24T18:27:39.335Z][0m Extension host with pid 65733 exited with code: 134, signal: unknown.
[90m[main 2025-05-24T18:28:04.159Z][0m update#setState checking for updates
[90m[main 2025-05-24T18:28:04.293Z][0m update#setState ready
[90m[main 2025-05-26T15:16:15.720Z][0m updateURL https://api2.cursor.sh/updates/api/update/linux-x64/cursor/0.50.5/732d35b227762e80f8dc9d8b08f7d7bbd661b8e286ff72006212a84b63a89096/stable
[90m[main 2025-05-26T15:16:15.720Z][0m update#setState idle
[90m[main 2025-05-26T15:16:45.722Z][0m update#setState checking for updates
[90m[main 2025-05-26T15:16:45.840Z][0m update#setState ready
[90m[main 2025-05-28T14:53:45.736Z][0m updateURL https://api2.cursor.sh/updates/api/update/linux-x64/cursor/0.50.5/732d35b227762e80f8dc9d8b08f7d7bbd661b8e286ff72006212a84b63a89096/stable
[90m[main 2025-05-28T14:53:45.737Z][0m update#setState idle
[90m[main 2025-05-28T14:54:15.738Z][0m update#setState checking for updates
[90m[main 2025-05-28T14:54:15.862Z][0m update#setState ready
[90m[main 2025-05-28T17:34:58.242Z][0m Extension host with pid 101211 exited with code: 0, signal: unknown.
[90m[main 2025-05-31T13:21:42.062Z][0m updateURL https://api2.cursor.sh/updates/api/update/linux-x64/cursor/0.50.5/732d35b227762e80f8dc9d8b08f7d7bbd661b8e286ff72006212a84b63a89096/stable
[90m[main 2025-05-31T13:21:42.064Z][0m update#setState idle
[90m[main 2025-05-31T13:21:56.575Z][0m Extension host with pid 4976 exited with code: 0, signal: unknown.
[90m[main 2025-05-31T13:22:12.066Z][0m update#setState checking for updates
[90m[main 2025-05-31T13:22:12.188Z][0m update#setState idle
[90m[main 2025-05-31T14:00:54.496Z][0m Extension host with pid 5289 exited with code: 0, signal: unknown.
[90m[main 2025-05-31T15:58:14.743Z][0m updateURL https://api2.cursor.sh/updates/api/update/linux-x64/cursor/0.50.5/732d35b227762e80f8dc9d8b08f7d7bbd661b8e286ff72006212a84b63a89096/stable
[90m[main 2025-05-31T15:58:14.744Z][0m update#setState idle
[90m[main 2025-05-31T15:58:26.477Z][0m Extension host with pid 36242 exited with code: 0, signal: unknown.
[90m[main 2025-05-31T15:58:44.746Z][0m update#setState checking for updates
[90m[main 2025-05-31T15:58:44.869Z][0m update#setState idle
[90m[main 2025-05-31T16:58:44.785Z][0m update#setState checking for updates
[90m[main 2025-05-31T16:58:45.121Z][0m update#setState idle
[90m[main 2025-05-31T17:58:44.822Z][0m update#setState checking for updates
[90m[main 2025-05-31T17:58:45.153Z][0m update#setState idle
[90m[main 2025-06-02T14:10:42.563Z][0m updateURL https://api2.cursor.sh/updates/api/update/linux-x64/cursor/0.50.5/732d35b227762e80f8dc9d8b08f7d7bbd661b8e286ff72006212a84b63a89096/stable
[90m[main 2025-06-02T14:10:42.565Z][0m update#setState idle
[90m[main 2025-06-02T14:11:12.566Z][0m update#setState checking for updates
[90m[main 2025-06-02T14:11:12.678Z][0m update#setState idle
[90m[main 2025-06-02T14:58:38.348Z][0m Extension host with pid 93914 exited with code: 0, signal: unknown.
[90m[main 2025-06-02T16:07:16.744Z][0m updateURL https://api2.cursor.sh/updates/api/update/linux-x64/cursor/0.50.5/732d35b227762e80f8dc9d8b08f7d7bbd661b8e286ff72006212a84b63a89096/stable
[90m[main 2025-06-02T16:07:16.746Z][0m update#setState idle
[90m[main 2025-06-02T16:07:46.748Z][0m update#setState checking for updates
[90m[main 2025-06-02T16:07:46.869Z][0m update#setState idle
[90m[main 2025-06-04T14:47:58.049Z][0m updateURL https://api2.cursor.sh/updates/api/update/linux-x64/cursor/0.50.5/732d35b227762e80f8dc9d8b08f7d7bbd661b8e286ff72006212a84b63a89096/stable
[90m[main 2025-06-04T14:47:58.050Z][0m update#setState idle
[90m[main 2025-06-04T14:48:28.052Z][0m update#setState checking for updates
[90m[main 2025-06-04T14:48:28.170Z][0m update#setState idle
[90m[main 2025-06-04T15:48:28.139Z][0m update#setState checking for updates
[90m[main 2025-06-04T15:48:28.482Z][0m update#setState idle
[90m[main 2025-06-04T15:52:58.670Z][0m updateURL https://api2.cursor.sh/updates/api/update/linux-x64/cursor/0.50.5/732d35b227762e80f8dc9d8b08f7d7bbd661b8e286ff72006212a84b63a89096/stable
[90m[main 2025-06-04T15:52:58.671Z][0m update#setState idle
[90m[main 2025-06-04T15:53:17.628Z][0m Extension host with pid 153195 exited with code: 0, signal: unknown.
[90m[main 2025-06-04T15:53:28.671Z][0m update#setState checking for updates
[90m[main 2025-06-04T15:53:28.789Z][0m update#setState idle
[90m[main 2025-06-05T19:09:23.281Z][0m updateURL https://api2.cursor.sh/updates/api/update/linux-x64/cursor/0.50.5/732d35b227762e80f8dc9d8b08f7d7bbd661b8e286ff72006212a84b63a89096/stable
[90m[main 2025-06-05T19:09:23.282Z][0m update#setState idle
[90m[main 2025-06-05T19:09:53.283Z][0m update#setState checking for updates
[90m[main 2025-06-05T19:09:53.406Z][0m update#setState ready
[90m[main 2025-06-05T20:17:36.782Z][0m Extension host with pid 19392 exited with code: 0, signal: unknown.
[90m[main 2025-06-08T14:59:12.010Z][0m updateURL https://api2.cursor.sh/updates/api/update/linux-x64/cursor/0.50.5/732d35b227762e80f8dc9d8b08f7d7bbd661b8e286ff72006212a84b63a89096/stable
[90m[main 2025-06-08T14:59:12.011Z][0m update#setState idle
[90m[main 2025-06-08T14:59:42.014Z][0m update#setState checking for updates
[90m[main 2025-06-08T14:59:42.134Z][0m update#setState ready
[90m[main 2025-06-09T13:41:26.357Z][0m updateURL https://api2.cursor.sh/updates/api/update/linux-x64/cursor/0.50.5/732d35b227762e80f8dc9d8b08f7d7bbd661b8e286ff72006212a84b63a89096/stable
[90m[main 2025-06-09T13:41:26.358Z][0m update#setState idle
[90m[main 2025-06-09T13:41:56.360Z][0m update#setState checking for updates
[90m[main 2025-06-09T13:41:56.480Z][0m update#setState ready
[90m[main 2025-06-18T15:25:01.467Z][0m updateURL https://api2.cursor.sh/updates/api/update/linux-x64/cursor/0.50.5/732d35b227762e80f8dc9d8b08f7d7bbd661b8e286ff72006212a84b63a89096/stable
[90m[main 2025-06-18T15:25:01.467Z][0m update#setState idle
[90m[main 2025-06-18T15:25:31.468Z][0m update#setState checking for updates
[90m[main 2025-06-18T15:25:31.585Z][0m update#setState ready
[90m[main 2025-06-18T15:26:49.080Z][0m updateURL https://api2.cursor.sh/updates/api/update/linux-x64/cursor/0.50.5/732d35b227762e80f8dc9d8b08f7d7bbd661b8e286ff72006212a84b63a89096/stable
[90m[main 2025-06-18T15:26:49.080Z][0m update#setState idle
[90m[main 2025-06-18T15:27:19.082Z][0m update#setState checking for updates
[90m[main 2025-06-18T15:27:19.303Z][0m update#setState ready
